[2024-04-26 10:24:58,533] multiqc                                            [DEBUG  ]  This is MultiQC v1.17
[2024-04-26 10:24:58,534] multiqc                                            [DEBUG  ]  Command used: /home/heumos/miniconda3/envs/multiqc/bin/multiqc .
[2024-04-26 10:24:58,967] multiqc                                            [DEBUG  ]  Could not connect to multiqc.info for version check: module 'packaging.version' has no attribute 'StrictVersion'
[2024-04-26 10:24:58,968] multiqc                                            [DEBUG  ]  Working dir : /home/heumos/git/pangenome-paper/results/chr19
[2024-04-26 10:24:58,968] multiqc                                            [DEBUG  ]  Template    : default
[2024-04-26 10:24:58,968] multiqc                                            [DEBUG  ]  Running Python 3.11.4 | packaged by conda-forge | (main, Jun 10 2023, 18:08:17) [GCC 12.2.0]
[2024-04-26 10:24:58,969] multiqc                                            [DEBUG  ]  Analysing modules: custom_content, ccs, ngsderive, purple, conpair, lima, peddy, somalier, methylQA, mosdepth, phantompeakqualtools, qualimap, preseq, hifiasm, quast, qorts, rna_seqc, rockhopper, rsem, rseqc, busco, bustools, goleft_indexcov, gffcompare, disambiguate, supernova, deeptools, sargasso, verifybamid, mirtrace, happy, mirtop, sambamba, gopeaks, homer, hops, macs2, theta2, snpeff, gatk, htseq, bcftools, featureCounts, fgbio, dragen, dragen_fastqc, dedup, pbmarkdup, damageprofiler, mapdamage, biobambam2, jcvi, mtnucratio, picard, vep, sentieon, bakta, prokka, qc3C, nanostat, samblaster, samtools, sexdeterrmine, eigenstratdatabasetools, bamtools, jellyfish, vcftools, longranger, stacks, varscan2, snippy, umitools, truvari, bbmap, bismark, biscuit, diamond, hicexplorer, hicup, hicpro, salmon, kallisto, slamdunk, star, hisat2, tophat, bowtie2, bowtie1, cellranger, snpsplit, odgi, pangolin, nextclade, freyja, humid, kat, leehom, librarian, adapterRemoval, bbduk, clipandmerge, cutadapt, flexbar, sourmash, kaiju, bracken, kraken, malt, motus, trimmomatic, sickle, skewer, sortmerna, biobloomtools, fastq_screen, afterqc, fastp, fastqc, filtlong, prinseqplusplus, pychopper, porechop, pycoqc, minionqc, anglerfish, multivcfanalyzer, clusterflow, checkqc, bcl2fastq, bclconvert, interop, ivar, flash, seqyclean, optitype, whatshap
[2024-04-26 10:24:58,969] multiqc                                            [DEBUG  ]  Using temporary directory for creating report: /tmp/tmp6m4y6s_u
[2024-04-26 10:24:58,970] multiqc                                            [INFO   ]  Search path : /home/heumos/git/pangenome-paper/results/chr19
[2024-04-26 10:24:59,007] multiqc                                            [DEBUG  ]  Summary of files that were skipped by the search: []
[2024-04-26 10:24:59,234] multiqc.plots.bargraph                             [DEBUG  ]  Using matplotlib version 3.7.1
[2024-04-26 10:24:59,234] multiqc.plots.linegraph                            [DEBUG  ]  Using matplotlib version 3.7.1
[2024-04-26 10:24:59,235] multiqc                                            [DEBUG  ]  No samples found: custom_content
[2024-04-26 10:24:59,239] multiqc.modules.odgi.odgi                          [INFO   ]  Found 2 reports
[2024-04-26 10:24:59,245] multiqc.utils.software_versions                    [DEBUG  ]  Reading software versions from config.software_versions
[2024-04-26 10:24:59,245] multiqc                                            [DEBUG  ]  Compressing plot data
[2024-04-26 10:24:59,246] multiqc                                            [INFO   ]  Report      : multiqc_report.html
[2024-04-26 10:24:59,246] multiqc                                            [INFO   ]  Data        : multiqc_data
[2024-04-26 10:24:59,246] multiqc                                            [DEBUG  ]  Moving data file from '/tmp/tmp6m4y6s_u/multiqc_data' to '/home/heumos/git/pangenome-paper/results/chr19/multiqc_data'
[2024-04-26 10:24:59,247] multiqc                                            [DEBUG  ]  Full report path: /home/heumos/git/pangenome-paper/results/chr19/multiqc_report.html
[2024-04-26 10:24:59,295] multiqc                                            [INFO   ]  MultiQC complete
